0 info it worked if it ends with ok
1 verbose cli [ '/Users/wes/.nvm/versions/node/v6.9.1/bin/node',
1 verbose cli   '/Users/wes/.nvm/versions/node/v6.9.1/bin/npm',
1 verbose cli   'run',
1 verbose cli   'build' ]
2 info using npm@3.10.8
3 info using node@v6.9.1
4 verbose run-script [ 'prebuild', 'build', 'postbuild' ]
5 info lifecycle fractal_perimeter_calculator@1.0.0~prebuild: fractal_perimeter_calculator@1.0.0
6 silly lifecycle fractal_perimeter_calculator@1.0.0~prebuild: no script for prebuild, continuing
7 info lifecycle fractal_perimeter_calculator@1.0.0~build: fractal_perimeter_calculator@1.0.0
8 verbose lifecycle fractal_perimeter_calculator@1.0.0~build: unsafe-perm in lifecycle true
9 verbose lifecycle fractal_perimeter_calculator@1.0.0~build: PATH: /Users/wes/.nvm/versions/node/v6.9.1/lib/node_modules/npm/bin/node-gyp-bin:/Users/wes/Desktop/work/fractal_calculator_electron/node_modules/.bin:/Users/wes/.rvm/gems/ruby-2.3.1/bin:/Users/wes/.rvm/gems/ruby-2.3.1@global/bin:/Users/wes/.rvm/rubies/ruby-2.3.1/bin:/Users/wes/.rvm/bin:/Users/wes/.rbenv/shims:/Users/wes/.rbenv/bin:/Users/wes/.rbenv/shims:/Users/wes/.nvm/versions/node/v6.9.1/bin:/usr/local/bin:/usr/bin:/bin:/usr/sbin:/sbin:/Applications/Postgres.app/Contents/Versions/latest/bin
10 verbose lifecycle fractal_perimeter_calculator@1.0.0~build: CWD: /Users/wes/Desktop/work/fractal_calculator_electron
11 silly lifecycle fractal_perimeter_calculator@1.0.0~build: Args: [ '-c',
11 silly lifecycle   'electron-packager . Myapp --platform=darwin  && cp Icon.icns Myapp-darwin-x64/Myapp.app/Contents/Resources/electron.icns ' ]
12 silly lifecycle fractal_perimeter_calculator@1.0.0~build: Returned: code: 1  signal: null
13 info lifecycle fractal_perimeter_calculator@1.0.0~build: Failed to exec build script
14 verbose stack Error: fractal_perimeter_calculator@1.0.0 build: `electron-packager . Myapp --platform=darwin  && cp Icon.icns Myapp-darwin-x64/Myapp.app/Contents/Resources/electron.icns `
14 verbose stack Exit status 1
14 verbose stack     at EventEmitter.<anonymous> (/Users/wes/.nvm/versions/node/v6.9.1/lib/node_modules/npm/lib/utils/lifecycle.js:255:16)
14 verbose stack     at emitTwo (events.js:106:13)
14 verbose stack     at EventEmitter.emit (events.js:191:7)
14 verbose stack     at ChildProcess.<anonymous> (/Users/wes/.nvm/versions/node/v6.9.1/lib/node_modules/npm/lib/utils/spawn.js:40:14)
14 verbose stack     at emitTwo (events.js:106:13)
14 verbose stack     at ChildProcess.emit (events.js:191:7)
14 verbose stack     at maybeClose (internal/child_process.js:877:16)
14 verbose stack     at Process.ChildProcess._handle.onexit (internal/child_process.js:226:5)
15 verbose pkgid fractal_perimeter_calculator@1.0.0
16 verbose cwd /Users/wes/Desktop/work/fractal_calculator_electron
17 error Darwin 15.6.0
18 error argv "/Users/wes/.nvm/versions/node/v6.9.1/bin/node" "/Users/wes/.nvm/versions/node/v6.9.1/bin/npm" "run" "build"
19 error node v6.9.1
20 error npm  v3.10.8
21 error code ELIFECYCLE
22 error fractal_perimeter_calculator@1.0.0 build: `electron-packager . Myapp --platform=darwin  && cp Icon.icns Myapp-darwin-x64/Myapp.app/Contents/Resources/electron.icns `
22 error Exit status 1
23 error Failed at the fractal_perimeter_calculator@1.0.0 build script 'electron-packager . Myapp --platform=darwin  && cp Icon.icns Myapp-darwin-x64/Myapp.app/Contents/Resources/electron.icns '.
23 error Make sure you have the latest version of node.js and npm installed.
23 error If you do, this is most likely a problem with the fractal_perimeter_calculator package,
23 error not with npm itself.
23 error Tell the author that this fails on your system:
23 error     electron-packager . Myapp --platform=darwin  && cp Icon.icns Myapp-darwin-x64/Myapp.app/Contents/Resources/electron.icns
23 error You can get information on how to open an issue for this project with:
23 error     npm bugs fractal_perimeter_calculator
23 error Or if that isn't available, you can get their info via:
23 error     npm owner ls fractal_perimeter_calculator
23 error There is likely additional logging output above.
24 verbose exit [ 1, true ]
